This file contains any messages produced by compilers while
running configure, to aid debugging if configure makes a mistake.

It was created by CoinHSL configure 2.2.5, which was
generated by GNU Autoconf 2.72.  Invocation command line was

  $ ./configure

## --------- ##
## Platform. ##
## --------- ##

hostname = workstation
uname -m = x86_64
uname -r = 6.11.0-29-generic
uname -s = Linux
uname -v = #29~24.04.1-Ubuntu SMP PREEMPT_DYNAMIC Thu Jun 26 14:16:59 UTC 2

/usr/bin/uname -p = unknown
/bin/uname -X     = unknown

/bin/arch              = x86_64
/usr/bin/arch -k       = unknown
/usr/convex/getsysinfo = unknown
/usr/bin/hostinfo      = unknown
/bin/machine           = unknown
/usr/bin/oslevel       = unknown
/bin/universe          = unknown

PATH: /usr/local/bin/
PATH: /usr/local/sbin/
PATH: /usr/local/bin/
PATH: /usr/sbin/
PATH: /usr/bin/
PATH: /sbin/
PATH: /bin/


## ----------- ##
## Core tests. ##
## ----------- ##

configure:2707: looking for aux files: ltmain.sh ar-lib compile missing install-sh config.guess config.sub
configure:2720:  trying ./
configure:2749:   ./ltmain.sh found
configure:2749:   ./ar-lib found
configure:2749:   ./compile found
configure:2749:   ./missing found
configure:2731:   ./install-sh found
configure:2749:   ./config.guess found
configure:2749:   ./config.sub found
configure:2875: checking build system type
configure:2891: result: x86_64-pc-linux-gnu
configure:3021: checking host system type
configure:3036: result: x86_64-pc-linux-gnu
configure:3064: checking whether make supports nested variables
configure:3083: result: yes
configure:3104: checking for a BSD-compatible install
configure:3178: result: /usr/bin/install -c
configure:3189: checking whether sleep supports fractional seconds
configure:3205: result: yes
configure:3208: checking filesystem timestamp resolution
configure:3343: result: 0.01
configure:3348: checking whether build environment is sane
configure:3389: result: yes
configure:3560: checking for a race-free mkdir -p
configure:3603: result: /usr/bin/mkdir -p
configure:3610: checking for gawk
configure:3646: result: no
configure:3610: checking for mawk
configure:3631: found /usr/bin/mawk
configure:3643: result: mawk
configure:3654: checking whether make sets $(MAKE)
configure:3678: result: yes
configure:3706: checking xargs -n works
configure:3722: result: yes
configure:3777: checking whether to enable maintainer-specific portions of Makefiles
configure:3788: result: no
configure:3943: checking whether make supports the include directive
configure:3958: make -f confmf.GNU && cat confinc.out
this is the am__doit target
configure:3961: $? = 0
configure:3980: result: yes (GNU style)
configure:4127: checking for gcc
configure:4148: found /usr/bin/gcc
configure:4160: result: gcc
configure:4191: checking for C compiler version
configure:4200: gcc --version >&5
gcc (Debian 12.2.0-14+deb12u1) 12.2.0
Copyright (C) 2022 Free Software Foundation, Inc.
This is free software; see the source for copying conditions.  There is NO
warranty; not even for MERCHANTABILITY or FITNESS FOR A PARTICULAR PURPOSE.

configure:4211: $? = 0
configure:4200: gcc -v >&5
Using built-in specs.
COLLECT_GCC=gcc
COLLECT_LTO_WRAPPER=/usr/lib/gcc/x86_64-linux-gnu/12/lto-wrapper
OFFLOAD_TARGET_NAMES=nvptx-none:amdgcn-amdhsa
OFFLOAD_TARGET_DEFAULT=1
Target: x86_64-linux-gnu
Configured with: ../src/configure -v --with-pkgversion='Debian 12.2.0-14+deb12u1' --with-bugurl=file:///usr/share/doc/gcc-12/README.Bugs --enable-languages=c,ada,c++,go,d,fortran,objc,obj-c++,m2 --prefix=/usr --with-gcc-major-version-only --program-suffix=-12 --program-prefix=x86_64-linux-gnu- --enable-shared --enable-linker-build-id --libexecdir=/usr/lib --without-included-gettext --enable-threads=posix --libdir=/usr/lib --enable-nls --enable-clocale=gnu --enable-libstdcxx-debug --enable-libstdcxx-time=yes --with-default-libstdcxx-abi=new --enable-gnu-unique-object --disable-vtable-verify --enable-plugin --enable-default-pie --with-system-zlib --enable-libphobos-checking=release --with-target-system-zlib=auto --enable-objc-gc=auto --enable-multiarch --disable-werror --enable-cet --with-arch-32=i686 --with-abi=m64 --with-multilib-list=m32,m64,mx32 --enable-multilib --with-tune=generic --enable-offload-targets=nvptx-none=/build/reproducible-path/gcc-12-12.2.0/debian/tmp-nvptx/usr,amdgcn-amdhsa=/build/reproducible-path/gcc-12-12.2.0/debian/tmp-gcn/usr --enable-offload-defaulted --without-cuda-driver --enable-checking=release --build=x86_64-linux-gnu --host=x86_64-linux-gnu --target=x86_64-linux-gnu
Thread model: posix
Supported LTO compression algorithms: zlib zstd
gcc version 12.2.0 (Debian 12.2.0-14+deb12u1) 
... rest of stderr output deleted ...
configure:4211: $? = 0
configure:4200: gcc -V >&5
gcc: error: unrecognized command-line option '-V'
gcc: fatal error: no input files
compilation terminated.
configure:4211: $? = 1
configure:4200: gcc -qversion >&5
gcc: error: unrecognized command-line option '-qversion'; did you mean '--version'?
gcc: fatal error: no input files
compilation terminated.
configure:4211: $? = 1
configure:4200: gcc -version >&5
gcc: error: unrecognized command-line option '-version'
gcc: fatal error: no input files
compilation terminated.
configure:4211: $? = 1
configure:4231: checking whether the C compiler works
configure:4253: gcc -O2 -DNDEBUG    conftest.c  >&5
configure:4257: $? = 0
configure:4308: result: yes
configure:4312: checking for C compiler default output file name
configure:4314: result: a.out
configure:4320: checking for suffix of executables
configure:4327: gcc -o conftest -O2 -DNDEBUG    conftest.c  >&5
configure:4331: $? = 0
configure:4355: result: 
configure:4379: checking whether we are cross compiling
configure:4387: gcc -o conftest -O2 -DNDEBUG    conftest.c  >&5
configure:4391: $? = 0
configure:4398: ./conftest
configure:4402: $? = 0
configure:4417: result: no
configure:4423: checking for suffix of object files
configure:4446: gcc -c -O2 -DNDEBUG   conftest.c >&5
configure:4450: $? = 0
configure:4474: result: o
configure:4478: checking whether the compiler supports GNU C
configure:4498: gcc -c -O2 -DNDEBUG   conftest.c >&5
configure:4498: $? = 0
configure:4510: result: yes
configure:4521: checking whether gcc accepts -g
configure:4542: gcc -c -g  conftest.c >&5
configure:4542: $? = 0
configure:4589: result: yes
configure:4609: checking for gcc option to enable C11 features
configure:4624: gcc  -c -O2 -DNDEBUG   conftest.c >&5
configure:4624: $? = 0
configure:4643: result: none needed
configure:4767: checking whether gcc understands -c and -o together
configure:4790: gcc -c conftest.c -o conftest2.o
configure:4793: $? = 0
configure:4790: gcc -c conftest.c -o conftest2.o
configure:4793: $? = 0
configure:4806: result: yes
configure:4825: checking dependency style of gcc
configure:4938: result: gcc3
configure:5099: checking for gfortran
configure:5120: found /usr/bin/gfortran
configure:5132: result: gfortran
configure:5158: checking for Fortran 77 compiler version
configure:5167: gfortran --version >&5
GNU Fortran (Debian 12.2.0-14+deb12u1) 12.2.0
Copyright (C) 2022 Free Software Foundation, Inc.
This is free software; see the source for copying conditions.  There is NO
warranty; not even for MERCHANTABILITY or FITNESS FOR A PARTICULAR PURPOSE.

configure:5178: $? = 0
configure:5167: gfortran -v >&5
Using built-in specs.
COLLECT_GCC=gfortran
COLLECT_LTO_WRAPPER=/usr/lib/gcc/x86_64-linux-gnu/12/lto-wrapper
OFFLOAD_TARGET_NAMES=nvptx-none:amdgcn-amdhsa
OFFLOAD_TARGET_DEFAULT=1
Target: x86_64-linux-gnu
Configured with: ../src/configure -v --with-pkgversion='Debian 12.2.0-14+deb12u1' --with-bugurl=file:///usr/share/doc/gcc-12/README.Bugs --enable-languages=c,ada,c++,go,d,fortran,objc,obj-c++,m2 --prefix=/usr --with-gcc-major-version-only --program-suffix=-12 --program-prefix=x86_64-linux-gnu- --enable-shared --enable-linker-build-id --libexecdir=/usr/lib --without-included-gettext --enable-threads=posix --libdir=/usr/lib --enable-nls --enable-clocale=gnu --enable-libstdcxx-debug --enable-libstdcxx-time=yes --with-default-libstdcxx-abi=new --enable-gnu-unique-object --disable-vtable-verify --enable-plugin --enable-default-pie --with-system-zlib --enable-libphobos-checking=release --with-target-system-zlib=auto --enable-objc-gc=auto --enable-multiarch --disable-werror --enable-cet --with-arch-32=i686 --with-abi=m64 --with-multilib-list=m32,m64,mx32 --enable-multilib --with-tune=generic --enable-offload-targets=nvptx-none=/build/reproducible-path/gcc-12-12.2.0/debian/tmp-nvptx/usr,amdgcn-amdhsa=/build/reproducible-path/gcc-12-12.2.0/debian/tmp-gcn/usr --enable-offload-defaulted --without-cuda-driver --enable-checking=release --build=x86_64-linux-gnu --host=x86_64-linux-gnu --target=x86_64-linux-gnu
Thread model: posix
Supported LTO compression algorithms: zlib zstd
gcc version 12.2.0 (Debian 12.2.0-14+deb12u1) 
... rest of stderr output deleted ...
configure:5178: $? = 0
configure:5167: gfortran -V >&5
gfortran: error: unrecognized command-line option '-V'
gfortran: fatal error: no input files
compilation terminated.
configure:5178: $? = 1
configure:5167: gfortran -qversion >&5
gfortran: error: unrecognized command-line option '-qversion'; did you mean '--version'?
gfortran: fatal error: no input files
compilation terminated.
configure:5178: $? = 1
configure:5187: checking whether the compiler supports GNU Fortran 77
configure:5201: gfortran -c -O2  conftest.F >&5
configure:5201: $? = 0
configure:5213: result: yes
configure:5221: checking whether gfortran accepts -g
configure:5233: gfortran -c -g conftest.f >&5
configure:5233: $? = 0
configure:5244: result: yes
configure:5300: checking how to get verbose linking output from gfortran
configure:5311: gfortran -c -O2  conftest.f >&5
configure:5311: $? = 0
configure:5330: gfortran -o conftest -O2 -v conftest.f
Using built-in specs.
Target: x86_64-linux-gnu
Thread model: posix
Supported LTO compression algorithms: zlib zstd
gcc version 12.2.0 (Debian 12.2.0-14+deb12u1) 
 /usr/lib/gcc/x86_64-linux-gnu/12/f951 conftest.f -ffixed-form -quiet -dumpbase conftest.f -dumpbase-ext .f -mtune=generic -march=x86-64 -O2 -version -fintrinsic-modules-path /usr/lib/gcc/x86_64-linux-gnu/12/finclude -fpre-include=/usr/include/finclude/x86_64-linux-gnu/math-vector-fortran.h -o /tmp/ccV9CGc7.s
GNU Fortran (Debian 12.2.0-14+deb12u1) version 12.2.0 (x86_64-linux-gnu)
	compiled by GNU C version 12.2.0, GMP version 6.2.1, MPFR version 4.2.0, MPC version 1.3.1, isl version isl-0.25-GMP

GGC heuristics: --param ggc-min-expand=100 --param ggc-min-heapsize=131072
GNU Fortran2008 (Debian 12.2.0-14+deb12u1) version 12.2.0 (x86_64-linux-gnu)
	compiled by GNU C version 12.2.0, GMP version 6.2.1, MPFR version 4.2.0, MPC version 1.3.1, isl version isl-0.25-GMP

GGC heuristics: --param ggc-min-expand=100 --param ggc-min-heapsize=131072
 as -v --64 -o /tmp/cc0u8JKv.o /tmp/ccV9CGc7.s
GNU assembler version 2.40 (x86_64-linux-gnu) using BFD version (GNU Binutils for Debian) 2.40
Reading specs from /usr/lib/gcc/x86_64-linux-gnu/12/libgfortran.spec
rename spec lib to liborig
 /usr/lib/gcc/x86_64-linux-gnu/12/collect2 -plugin /usr/lib/gcc/x86_64-linux-gnu/12/liblto_plugin.so -plugin-opt=/usr/lib/gcc/x86_64-linux-gnu/12/lto-wrapper -plugin-opt=-fresolution=/tmp/ccjFXCMH.res -plugin-opt=-pass-through=-lgcc_s -plugin-opt=-pass-through=-lgcc -plugin-opt=-pass-through=-lquadmath -plugin-opt=-pass-through=-lm -plugin-opt=-pass-through=-lgcc_s -plugin-opt=-pass-through=-lgcc -plugin-opt=-pass-through=-lc -plugin-opt=-pass-through=-lgcc_s -plugin-opt=-pass-through=-lgcc --build-id --eh-frame-hdr -m elf_x86_64 --hash-style=gnu --as-needed -dynamic-linker /lib64/ld-linux-x86-64.so.2 -pie -o conftest /usr/lib/gcc/x86_64-linux-gnu/12/../../../x86_64-linux-gnu/Scrt1.o /usr/lib/gcc/x86_64-linux-gnu/12/../../../x86_64-linux-gnu/crti.o /usr/lib/gcc/x86_64-linux-gnu/12/crtbeginS.o -L/usr/lib/gcc/x86_64-linux-gnu/12 -L/usr/lib/gcc/x86_64-linux-gnu/12/../../../x86_64-linux-gnu -L/usr/lib/gcc/x86_64-linux-gnu/12/../../../../lib -L/lib/x86_64-linux-gnu -L/lib/../lib -L/usr/lib/x86_64-linux-gnu -L/usr/lib/../lib -L/usr/lib/gcc/x86_64-linux-gnu/12/../../.. /tmp/cc0u8JKv.o -lgfortran -lm -lgcc_s -lgcc -lquadmath -lm -lgcc_s -lgcc -lc -lgcc_s -lgcc /usr/lib/gcc/x86_64-linux-gnu/12/crtendS.o /usr/lib/gcc/x86_64-linux-gnu/12/../../../x86_64-linux-gnu/crtn.o
configure:5415: result: -v
configure:5417: checking for Fortran 77 libraries of gfortran
configure:5441: gfortran -o conftest -O2 -v conftest.f
Using built-in specs.
Target: x86_64-linux-gnu
Thread model: posix
Supported LTO compression algorithms: zlib zstd
gcc version 12.2.0 (Debian 12.2.0-14+deb12u1) 
 /usr/lib/gcc/x86_64-linux-gnu/12/f951 conftest.f -ffixed-form -quiet -dumpbase conftest.f -dumpbase-ext .f -mtune=generic -march=x86-64 -O2 -version -fintrinsic-modules-path /usr/lib/gcc/x86_64-linux-gnu/12/finclude -fpre-include=/usr/include/finclude/x86_64-linux-gnu/math-vector-fortran.h -o /tmp/ccEvhUtn.s
GNU Fortran (Debian 12.2.0-14+deb12u1) version 12.2.0 (x86_64-linux-gnu)
	compiled by GNU C version 12.2.0, GMP version 6.2.1, MPFR version 4.2.0, MPC version 1.3.1, isl version isl-0.25-GMP

GGC heuristics: --param ggc-min-expand=100 --param ggc-min-heapsize=131072
GNU Fortran2008 (Debian 12.2.0-14+deb12u1) version 12.2.0 (x86_64-linux-gnu)
	compiled by GNU C version 12.2.0, GMP version 6.2.1, MPFR version 4.2.0, MPC version 1.3.1, isl version isl-0.25-GMP

GGC heuristics: --param ggc-min-expand=100 --param ggc-min-heapsize=131072
 as -v --64 -o /tmp/cctlAHRf.o /tmp/ccEvhUtn.s
GNU assembler version 2.40 (x86_64-linux-gnu) using BFD version (GNU Binutils for Debian) 2.40
Reading specs from /usr/lib/gcc/x86_64-linux-gnu/12/libgfortran.spec
rename spec lib to liborig
 /usr/lib/gcc/x86_64-linux-gnu/12/collect2 -plugin /usr/lib/gcc/x86_64-linux-gnu/12/liblto_plugin.so -plugin-opt=/usr/lib/gcc/x86_64-linux-gnu/12/lto-wrapper -plugin-opt=-fresolution=/tmp/cc6QefDk.res -plugin-opt=-pass-through=-lgcc_s -plugin-opt=-pass-through=-lgcc -plugin-opt=-pass-through=-lquadmath -plugin-opt=-pass-through=-lm -plugin-opt=-pass-through=-lgcc_s -plugin-opt=-pass-through=-lgcc -plugin-opt=-pass-through=-lc -plugin-opt=-pass-through=-lgcc_s -plugin-opt=-pass-through=-lgcc --build-id --eh-frame-hdr -m elf_x86_64 --hash-style=gnu --as-needed -dynamic-linker /lib64/ld-linux-x86-64.so.2 -pie -o conftest /usr/lib/gcc/x86_64-linux-gnu/12/../../../x86_64-linux-gnu/Scrt1.o /usr/lib/gcc/x86_64-linux-gnu/12/../../../x86_64-linux-gnu/crti.o /usr/lib/gcc/x86_64-linux-gnu/12/crtbeginS.o -L/usr/lib/gcc/x86_64-linux-gnu/12 -L/usr/lib/gcc/x86_64-linux-gnu/12/../../../x86_64-linux-gnu -L/usr/lib/gcc/x86_64-linux-gnu/12/../../../../lib -L/lib/x86_64-linux-gnu -L/lib/../lib -L/usr/lib/x86_64-linux-gnu -L/usr/lib/../lib -L/usr/lib/gcc/x86_64-linux-gnu/12/../../.. /tmp/cctlAHRf.o -lgfortran -lm -lgcc_s -lgcc -lquadmath -lm -lgcc_s -lgcc -lc -lgcc_s -lgcc /usr/lib/gcc/x86_64-linux-gnu/12/crtendS.o /usr/lib/gcc/x86_64-linux-gnu/12/../../../x86_64-linux-gnu/crtn.o
configure:5663: result:  -L/usr/lib/gcc/x86_64-linux-gnu/12 -L/usr/lib/gcc/x86_64-linux-gnu/12/../../../x86_64-linux-gnu -L/usr/lib/gcc/x86_64-linux-gnu/12/../../../../lib -L/lib/x86_64-linux-gnu -L/lib/../lib -L/usr/lib/x86_64-linux-gnu -L/usr/lib/../lib -L/usr/lib/gcc/x86_64-linux-gnu/12/../../.. -lgfortran -lm -lquadmath
configure:5680: checking for dummy main to link with Fortran 77 libraries
configure:5715: gcc -o conftest -O2 -DNDEBUG    conftest.c   -L/usr/lib/gcc/x86_64-linux-gnu/12 -L/usr/lib/gcc/x86_64-linux-gnu/12/../../../x86_64-linux-gnu -L/usr/lib/gcc/x86_64-linux-gnu/12/../../../../lib -L/lib/x86_64-linux-gnu -L/lib/../lib -L/usr/lib/x86_64-linux-gnu -L/usr/lib/../lib -L/usr/lib/gcc/x86_64-linux-gnu/12/../../.. -lgfortran -lm -lquadmath >&5
configure:5715: $? = 0
configure:5764: result: none
configure:5797: checking for Fortran 77 name-mangling scheme
configure:5811: gfortran -c -O2  conftest.f >&5
configure:5811: $? = 0
configure:5856: gcc -o conftest -O2 -DNDEBUG    conftest.c cfortran_test.o   -L/usr/lib/gcc/x86_64-linux-gnu/12 -L/usr/lib/gcc/x86_64-linux-gnu/12/../../../x86_64-linux-gnu -L/usr/lib/gcc/x86_64-linux-gnu/12/../../../../lib -L/lib/x86_64-linux-gnu -L/lib/../lib -L/usr/lib/x86_64-linux-gnu -L/usr/lib/../lib -L/usr/lib/gcc/x86_64-linux-gnu/12/../../.. -lgfortran -lm -lquadmath >&5
/usr/bin/ld: /tmp/ccYQBJJG.o: in function `main':
conftest.c:(.text.startup+0x5): undefined reference to `foobar'
collect2: error: ld returned 1 exit status
configure:5856: $? = 1
configure: failed program was:
| /* confdefs.h */
| #define PACKAGE_NAME "CoinHSL"
| #define PACKAGE_TARNAME "coinhsl"
| #define PACKAGE_VERSION "2.2.5"
| #define PACKAGE_STRING "CoinHSL 2.2.5"
| #define PACKAGE_BUGREPORT "https://github.com/coin-or-tools/ThirdParty-HSL/issues/new"
| #define PACKAGE_URL "https://github.com/coin-or-tools/ThirdParty-HSL"
| #define COINHSL_VERSION "2.2.5"
| #define COINHSL_VERSION_MAJOR 2
| #define COINHSL_VERSION_MINOR 2
| #define COINHSL_VERSION_RELEASE 5
| /* end confdefs.h.  */
| 
| /* Override any GCC internal prototype to avoid an error.
|    Use char because int might match the return type of a GCC
|    builtin and then its argument prototype would still apply.
|    The 'extern "C"' is for builds by C++ compilers;
|    although this is not generally supported in C code supporting it here
|    has little cost and some practical benefit (sr 110532).  */
| #ifdef __cplusplus
| extern "C"
| #endif
| char foobar (void);
| #ifdef F77_DUMMY_MAIN
| 
| #  ifdef __cplusplus
|      extern "C"
| #  endif
|    int F77_DUMMY_MAIN() { return 1; }
| 
| #endif
| int
| main (void)
| {
| return foobar ();
|   ;
|   return 0;
| }
configure:5856: gcc -o conftest -O2 -DNDEBUG    conftest.c cfortran_test.o   -L/usr/lib/gcc/x86_64-linux-gnu/12 -L/usr/lib/gcc/x86_64-linux-gnu/12/../../../x86_64-linux-gnu -L/usr/lib/gcc/x86_64-linux-gnu/12/../../../../lib -L/lib/x86_64-linux-gnu -L/lib/../lib -L/usr/lib/x86_64-linux-gnu -L/usr/lib/../lib -L/usr/lib/gcc/x86_64-linux-gnu/12/../../.. -lgfortran -lm -lquadmath >&5
configure:5856: $? = 0
configure:5918: gcc -o conftest -O2 -DNDEBUG    conftest.c cfortran_test.o   -L/usr/lib/gcc/x86_64-linux-gnu/12 -L/usr/lib/gcc/x86_64-linux-gnu/12/../../../x86_64-linux-gnu -L/usr/lib/gcc/x86_64-linux-gnu/12/../../../../lib -L/lib/x86_64-linux-gnu -L/lib/../lib -L/usr/lib/x86_64-linux-gnu -L/usr/lib/../lib -L/usr/lib/gcc/x86_64-linux-gnu/12/../../.. -lgfortran -lm -lquadmath >&5
configure:5918: $? = 0
configure:5963: result: lower case, underscore, no extra underscore
configure:6036: checking whether gfortran understands -c and -o together
configure:6055: gfortran -O2  -c conftest.f -o conftest2.o >&5
configure:6059: $? = 0
configure:6066: gfortran -O2  -c conftest.f -o conftest2.o >&5
configure:6070: $? = 0
configure:6079: result: yes
configure:6221: checking for gfortran
configure:6242: found /usr/bin/gfortran
configure:6254: result: gfortran
configure:6280: checking for Fortran compiler version
configure:6289: gfortran --version >&5
GNU Fortran (Debian 12.2.0-14+deb12u1) 12.2.0
Copyright (C) 2022 Free Software Foundation, Inc.
This is free software; see the source for copying conditions.  There is NO
warranty; not even for MERCHANTABILITY or FITNESS FOR A PARTICULAR PURPOSE.

configure:6300: $? = 0
configure:6289: gfortran -v >&5
Using built-in specs.
COLLECT_GCC=gfortran
COLLECT_LTO_WRAPPER=/usr/lib/gcc/x86_64-linux-gnu/12/lto-wrapper
OFFLOAD_TARGET_NAMES=nvptx-none:amdgcn-amdhsa
OFFLOAD_TARGET_DEFAULT=1
Target: x86_64-linux-gnu
Configured with: ../src/configure -v --with-pkgversion='Debian 12.2.0-14+deb12u1' --with-bugurl=file:///usr/share/doc/gcc-12/README.Bugs --enable-languages=c,ada,c++,go,d,fortran,objc,obj-c++,m2 --prefix=/usr --with-gcc-major-version-only --program-suffix=-12 --program-prefix=x86_64-linux-gnu- --enable-shared --enable-linker-build-id --libexecdir=/usr/lib --without-included-gettext --enable-threads=posix --libdir=/usr/lib --enable-nls --enable-clocale=gnu --enable-libstdcxx-debug --enable-libstdcxx-time=yes --with-default-libstdcxx-abi=new --enable-gnu-unique-object --disable-vtable-verify --enable-plugin --enable-default-pie --with-system-zlib --enable-libphobos-checking=release --with-target-system-zlib=auto --enable-objc-gc=auto --enable-multiarch --disable-werror --enable-cet --with-arch-32=i686 --with-abi=m64 --with-multilib-list=m32,m64,mx32 --enable-multilib --with-tune=generic --enable-offload-targets=nvptx-none=/build/reproducible-path/gcc-12-12.2.0/debian/tmp-nvptx/usr,amdgcn-amdhsa=/build/reproducible-path/gcc-12-12.2.0/debian/tmp-gcn/usr --enable-offload-defaulted --without-cuda-driver --enable-checking=release --build=x86_64-linux-gnu --host=x86_64-linux-gnu --target=x86_64-linux-gnu
Thread model: posix
Supported LTO compression algorithms: zlib zstd
gcc version 12.2.0 (Debian 12.2.0-14+deb12u1) 
... rest of stderr output deleted ...
configure:6300: $? = 0
configure:6289: gfortran -V >&5
gfortran: error: unrecognized command-line option '-V'
gfortran: fatal error: no input files
compilation terminated.
configure:6300: $? = 1
configure:6289: gfortran -qversion >&5
gfortran: error: unrecognized command-line option '-qversion'; did you mean '--version'?
gfortran: fatal error: no input files
compilation terminated.
configure:6300: $? = 1
configure:6309: checking whether the compiler supports GNU Fortran
configure:6323: gfortran -c -O2   conftest.F >&5
configure:6323: $? = 0
configure:6335: result: yes
configure:6343: checking whether gfortran accepts -g
configure:6355: gfortran -c -g  conftest.f >&5
configure:6355: $? = 0
configure:6366: result: yes
configure:6403: checking whether gfortran understands -c and -o together
configure:6422: gfortran -O2  -c conftest.f -o conftest2.o >&5
configure:6426: $? = 0
configure:6433: gfortran -O2  -c conftest.f -o conftest2.o >&5
configure:6437: $? = 0
configure:6446: result: yes
configure:6516: checking how to print strings
configure:6543: result: printf
configure:6564: checking for a sed that does not truncate output
configure:6636: result: /usr/bin/sed
configure:6654: checking for grep that handles long lines and -e
configure:6720: result: /usr/bin/grep
configure:6725: checking for egrep
configure:6795: result: /usr/bin/grep -E
configure:6802: checking for fgrep
configure:6872: result: /usr/bin/grep -F
configure:6909: checking for ld used by gcc
configure:6978: result: /usr/bin/ld
configure:6985: checking if the linker (/usr/bin/ld) is GNU ld
configure:7002: result: yes
configure:7014: checking for BSD- or MS-compatible name lister (nm)
configure:7070: result: /usr/bin/nm -B
configure:7212: checking the name lister (/usr/bin/nm -B) interface
configure:7220: gcc -c -O2 -DNDEBUG   conftest.c >&5
configure:7223: /usr/bin/nm -B "conftest.o"
configure:7226: output
0000000000000000 B some_variable
configure:7234: result: BSD nm
configure:7237: checking whether ln -s works
configure:7241: result: yes
configure:7249: checking the maximum length of command line arguments
configure:7382: result: 1572864
configure:7430: checking how to convert x86_64-pc-linux-gnu file names to x86_64-pc-linux-gnu format
configure:7472: result: func_convert_file_noop
configure:7479: checking how to convert x86_64-pc-linux-gnu file names to toolchain format
configure:7501: result: func_convert_file_noop
configure:7508: checking for /usr/bin/ld option to reload object files
configure:7517: result: -r
configure:7550: checking for file
configure:7584: result: :
configure:7647: checking for objdump
configure:7668: found /usr/bin/objdump
configure:7680: result: objdump
configure:7712: checking how to recognize dependent libraries
configure:7921: result: pass_all
configure:8012: checking for dlltool
configure:8048: result: no
configure:8078: checking how to associate runtime and link libraries
configure:8107: result: printf %s\n
configure:8167: checking for ranlib
configure:8188: found /usr/bin/ranlib
configure:8200: result: ranlib
configure:8277: checking for ar
configure:8298: found /usr/bin/ar
configure:8310: result: ar
configure:8363: checking for archiver @FILE support
configure:8389: gcc -c -O2 -DNDEBUG   conftest.c >&5
configure:8389: $? = 0
configure:8393: ar cr libconftest.a @conftest.lst >&5
configure:8396: $? = 0
configure:8401: ar cr libconftest.a @conftest.lst >&5
ar: conftest.o: No such file or directory
configure:8404: $? = 1
configure:8417: result: @
configure:8481: checking for strip
configure:8502: found /usr/bin/strip
configure:8514: result: strip
configure:8617: checking command to parse /usr/bin/nm -B output from gcc object
configure:8771: gcc -c -O2 -DNDEBUG   conftest.c >&5
configure:8774: $? = 0
configure:8778: /usr/bin/nm -B conftest.o | /usr/bin/sed -n -e 's/^.*[	 ]\([ABCDGIRSTW][ABCDGIRSTW]*\)[	 ][	 ]*\([_A-Za-z][_A-Za-z0-9]*\)$/\1 \2 \2/p' | /usr/bin/sed '/ __gnu_lto/d' > conftest.nm
configure:8844: gcc -o conftest -O2 -DNDEBUG    conftest.c conftstm.o >&5
configure:8847: $? = 0
configure:8886: result: ok
configure:8933: checking for sysroot
configure:8967: result: no
configure:8974: checking for a working dd
configure:9019: result: /usr/bin/dd
configure:9023: checking how to truncate binary pipes
configure:9040: result: /usr/bin/dd bs=4096 count=1
configure:9177: gcc -c -O2 -DNDEBUG   conftest.c >&5
configure:9180: $? = 0
configure:9388: checking for mt
configure:9424: result: no
configure:9444: checking if : is a manifest tool
configure:9451: : '-?'
configure:9460: result: no
configure:10273: checking for stdio.h
configure:10273: gcc -c -O2 -DNDEBUG   conftest.c >&5
configure:10273: $? = 0
configure:10273: result: yes
configure:10273: checking for stdlib.h
configure:10273: gcc -c -O2 -DNDEBUG   conftest.c >&5
configure:10273: $? = 0
configure:10273: result: yes
configure:10273: checking for string.h
configure:10273: gcc -c -O2 -DNDEBUG   conftest.c >&5
configure:10273: $? = 0
configure:10273: result: yes
configure:10273: checking for inttypes.h
configure:10273: gcc -c -O2 -DNDEBUG   conftest.c >&5
configure:10273: $? = 0
configure:10273: result: yes
configure:10273: checking for stdint.h
configure:10273: gcc -c -O2 -DNDEBUG   conftest.c >&5
configure:10273: $? = 0
configure:10273: result: yes
configure:10273: checking for strings.h
configure:10273: gcc -c -O2 -DNDEBUG   conftest.c >&5
configure:10273: $? = 0
configure:10273: result: yes
configure:10273: checking for sys/stat.h
configure:10273: gcc -c -O2 -DNDEBUG   conftest.c >&5
configure:10273: $? = 0
configure:10273: result: yes
configure:10273: checking for sys/types.h
configure:10273: gcc -c -O2 -DNDEBUG   conftest.c >&5
configure:10273: $? = 0
configure:10273: result: yes
configure:10273: checking for unistd.h
configure:10273: gcc -c -O2 -DNDEBUG   conftest.c >&5
configure:10273: $? = 0
configure:10273: result: yes
configure:10298: checking for dlfcn.h
configure:10298: gcc -c -O2 -DNDEBUG   conftest.c >&5
configure:10298: $? = 0
configure:10298: result: yes
configure:10434: checking the archiver (ar) interface
configure:10451: gcc -c -O2 -DNDEBUG   conftest.c >&5
configure:10451: $? = 0
configure:10454: ar cr libconftest.a conftest.o >&5
configure:10457: $? = 0
configure:10486: result: ar
configure:10800: checking for objdir
configure:10817: result: .libs
configure:11079: checking if gcc supports -fno-rtti -fno-exceptions
configure:11098: gcc -c -O2 -DNDEBUG   -fno-rtti -fno-exceptions conftest.c >&5
cc1: warning: command-line option '-fno-rtti' is valid for C++/D/ObjC++ but not for C
configure:11102: $? = 0
configure:11116: result: no
configure:11489: checking for gcc option to produce PIC
configure:11498: result: -fPIC -DPIC
configure:11506: checking if gcc PIC flag -fPIC -DPIC works
configure:11525: gcc -c -O2 -DNDEBUG   -fPIC -DPIC -DPIC conftest.c >&5
configure:11529: $? = 0
configure:11543: result: yes
configure:11572: checking if gcc static flag -static works
configure:11602: result: yes
configure:11617: checking if gcc supports -c -o file.o
configure:11639: gcc -c -O2 -DNDEBUG   -o out/conftest2.o conftest.c >&5
configure:11643: $? = 0
configure:11666: result: yes
configure:11674: checking if gcc supports -c -o file.o
configure:11723: result: yes
configure:11756: checking whether the gcc linker (/usr/bin/ld) supports shared libraries
configure:13056: result: yes
configure:13093: checking whether -lc should be explicitly linked in
configure:13102: gcc -c -O2 -DNDEBUG   conftest.c >&5
configure:13105: $? = 0
configure:13120: gcc -shared  -fPIC -DPIC conftest.o  -v -Wl,-soname -Wl,conftest -o conftest 2\>\&1 \| /usr/bin/grep  -lc  \>/dev/null 2\>\&1
configure:13123: $? = 0
configure:13138: result: no
configure:13298: checking dynamic linker characteristics
configure:13925: gcc -o conftest -O2 -DNDEBUG    -Wl,-rpath -Wl,/foo conftest.c  >&5
configure:13925: $? = 0
configure:14690: result: GNU/Linux ld.so
configure:14812: checking how to hardcode library paths into programs
configure:14837: result: immediate
configure:15477: checking whether stripping libraries is possible
configure:15486: result: yes
configure:15528: checking if libtool supports shared libraries
configure:15530: result: yes
configure:15533: checking whether to build shared libraries
configure:15558: result: yes
configure:15561: checking whether to build static libraries
configure:15565: result: no
configure:15682: checking if libtool supports shared libraries
configure:15684: result: yes
configure:15687: checking whether to build shared libraries
configure:15711: result: yes
configure:15714: checking whether to build static libraries
configure:15718: result: no
configure:16085: checking for gfortran option to produce PIC
configure:16094: result: -fPIC
configure:16102: checking if gfortran PIC flag -fPIC works
configure:16121: gfortran -c -O2  -fPIC conftest.f >&5
configure:16125: $? = 0
configure:16139: result: yes
configure:16162: checking if gfortran static flag -static works
configure:16192: result: yes
configure:16204: checking if gfortran supports -c -o file.o
configure:16226: gfortran -c -O2  -o out/conftest2.o conftest.f >&5
configure:16230: $? = 0
configure:16253: result: yes
configure:16258: checking if gfortran supports -c -o file.o
configure:16307: result: yes
configure:16337: checking whether the gfortran linker (/usr/bin/ld) supports shared libraries
configure:17569: result: yes
configure:17712: checking dynamic linker characteristics
configure:19016: result: GNU/Linux ld.so
configure:19081: checking how to hardcode library paths into programs
configure:19106: result: immediate
configure:19243: checking if libtool supports shared libraries
configure:19245: result: yes
configure:19248: checking whether to build shared libraries
configure:19272: result: yes
configure:19275: checking whether to build static libraries
configure:19279: result: no
configure:19313: gfortran -c -O2   conftest.f >&5
configure:19316: $? = 0
configure:19810: checking for gfortran option to produce PIC
configure:19819: result: -fPIC
configure:19827: checking if gfortran PIC flag -fPIC works
configure:19846: gfortran -c -O2  -fPIC  conftest.f >&5
configure:19850: $? = 0
configure:19864: result: yes
configure:19887: checking if gfortran static flag -static works
configure:19917: result: yes
configure:19929: checking if gfortran supports -c -o file.o
configure:19951: gfortran -c -O2  -o out/conftest2.o  conftest.f >&5
configure:19955: $? = 0
configure:19978: result: yes
configure:19983: checking if gfortran supports -c -o file.o
configure:20032: result: yes
configure:20062: checking whether the gfortran linker (/usr/bin/ld) supports shared libraries
configure:21294: result: yes
configure:21437: checking dynamic linker characteristics
configure:22741: result: GNU/Linux ld.so
configure:22806: checking how to hardcode library paths into programs
configure:22831: result: immediate
configure:22900: libtool version info: -version-number 2:2:5
configure:22983: checking for pkgconf
configure:23004: found /usr/bin/pkgconf
configure:23016: result: pkgconf
configure:23043: checking pkgconf is at least version 0.16.0
configure:23047: result: yes: 1.8.1
configure:23083: pkgconf path is "/usr/local/lib/pkgconfig:"
configure:23097: checking for MC19
configure:23107: result: yes
configure:23118: checking for MA27
configure:23128: result: yes
configure:23139: checking for MA28
configure:23149: result: yes
configure:23160: checking for MA57
configure:23170: result: yes
configure:23182: checking for MA77
configure:23192: result: yes
configure:23207: checking for MA86
configure:23217: result: yes
configure:23232: checking for MA97
configure:23242: result: yes
configure:23257: checking for MC19S
configure:23267: result: yes
configure:23278: checking for MA27S
configure:23288: result: yes
configure:23299: checking for MA28S
configure:23309: result: yes
configure:23320: checking for MA57S
configure:23330: result: yes
configure:23342: checking for MA77S
configure:23352: result: yes
configure:23367: checking for MA86S
configure:23377: result: yes
configure:23392: checking for MA97S
configure:23402: result: yes
configure:23419: checking for C interface to MC68
configure:23427: result: yes
configure:23442: checking for deps.f
configure:23447: result: yes
configure:23465: checking for deps90.f90
configure:23470: result: yes
configure:23488: checking for LAPACK
configure:23676: gcc -o conftest -O2 -DNDEBUG    conftest.c -lmkl_intel_lp64 -lmkl_sequential -lmkl_core -lm  >&5
/usr/bin/ld: cannot find -lmkl_intel_lp64: No such file or directory
/usr/bin/ld: cannot find -lmkl_sequential: No such file or directory
/usr/bin/ld: cannot find -lmkl_core: No such file or directory
collect2: error: ld returned 1 exit status
configure:23676: $? = 1
configure: failed program was:
| /* confdefs.h */
| #define PACKAGE_NAME "CoinHSL"
| #define PACKAGE_TARNAME "coinhsl"
| #define PACKAGE_VERSION "2.2.5"
| #define PACKAGE_STRING "CoinHSL 2.2.5"
| #define PACKAGE_BUGREPORT "https://github.com/coin-or-tools/ThirdParty-HSL/issues/new"
| #define PACKAGE_URL "https://github.com/coin-or-tools/ThirdParty-HSL"
| #define COINHSL_VERSION "2.2.5"
| #define COINHSL_VERSION_MAJOR 2
| #define COINHSL_VERSION_MINOR 2
| #define COINHSL_VERSION_RELEASE 5
| #define F77_FUNC(name,NAME) name ## _
| #define F77_FUNC_(name,NAME) name ## _
| #define HAVE_STDIO_H 1
| #define HAVE_STDLIB_H 1
| #define HAVE_STRING_H 1
| #define HAVE_INTTYPES_H 1
| #define HAVE_STDINT_H 1
| #define HAVE_STRINGS_H 1
| #define HAVE_SYS_STAT_H 1
| #define HAVE_SYS_TYPES_H 1
| #define HAVE_UNISTD_H 1
| #define STDC_HEADERS 1
| #define HAVE_DLFCN_H 1
| #define LT_OBJDIR ".libs/"
| #define COINHSL_HAS_MC19 1
| #define COINHSL_HAS_MA27 1
| #define COINHSL_HAS_MA28 1
| #define COINHSL_HAS_MA57 1
| #define COINHSL_HAS_MA77 1
| #define COINHSL_HAS_MA86 1
| #define COINHSL_HAS_MA97 1
| #define COINHSL_HAS_MC19S 1
| #define COINHSL_HAS_MA27S 1
| #define COINHSL_HAS_MA28S 1
| #define COINHSL_HAS_MA57S 1
| #define COINHSL_HAS_MA77S 1
| #define COINHSL_HAS_MA86S 1
| #define COINHSL_HAS_MA97S 1
| #define COINHSL_HAS_MC68 1
| /* end confdefs.h.  */
| 
| /* Override any GCC internal prototype to avoid an error.
|    Use char because int might match the return type of a GCC
|    builtin and then its argument prototype would still apply.
|    The 'extern "C"' is for builds by C++ compilers;
|    although this is not generally supported in C code supporting it here
|    has little cost and some practical benefit (sr 110532).  */
| #ifdef __cplusplus
| extern "C"
| #endif
| char dsyev_ (void);
| #ifdef F77_DUMMY_MAIN
| 
| #  ifdef __cplusplus
|      extern "C"
| #  endif
|    int F77_DUMMY_MAIN() { return 1; }
| 
| #endif
| int
| main (void)
| {
| return dsyev_ ();
|   ;
|   return 0;
| }
configure:23676: gcc -o conftest -O2 -DNDEBUG    conftest.c -lmkl_intel_lp64 -lmkl_sequential -lmkl_core -lm  >&5
/usr/bin/ld: cannot find -lmkl_intel_lp64: No such file or directory
/usr/bin/ld: cannot find -lmkl_sequential: No such file or directory
/usr/bin/ld: cannot find -lmkl_core: No such file or directory
collect2: error: ld returned 1 exit status
configure:23676: $? = 1
configure: failed program was:
| /* confdefs.h */
| #define PACKAGE_NAME "CoinHSL"
| #define PACKAGE_TARNAME "coinhsl"
| #define PACKAGE_VERSION "2.2.5"
| #define PACKAGE_STRING "CoinHSL 2.2.5"
| #define PACKAGE_BUGREPORT "https://github.com/coin-or-tools/ThirdParty-HSL/issues/new"
| #define PACKAGE_URL "https://github.com/coin-or-tools/ThirdParty-HSL"
| #define COINHSL_VERSION "2.2.5"
| #define COINHSL_VERSION_MAJOR 2
| #define COINHSL_VERSION_MINOR 2
| #define COINHSL_VERSION_RELEASE 5
| #define F77_FUNC(name,NAME) name ## _
| #define F77_FUNC_(name,NAME) name ## _
| #define HAVE_STDIO_H 1
| #define HAVE_STDLIB_H 1
| #define HAVE_STRING_H 1
| #define HAVE_INTTYPES_H 1
| #define HAVE_STDINT_H 1
| #define HAVE_STRINGS_H 1
| #define HAVE_SYS_STAT_H 1
| #define HAVE_SYS_TYPES_H 1
| #define HAVE_UNISTD_H 1
| #define STDC_HEADERS 1
| #define HAVE_DLFCN_H 1
| #define LT_OBJDIR ".libs/"
| #define COINHSL_HAS_MC19 1
| #define COINHSL_HAS_MA27 1
| #define COINHSL_HAS_MA28 1
| #define COINHSL_HAS_MA57 1
| #define COINHSL_HAS_MA77 1
| #define COINHSL_HAS_MA86 1
| #define COINHSL_HAS_MA97 1
| #define COINHSL_HAS_MC19S 1
| #define COINHSL_HAS_MA27S 1
| #define COINHSL_HAS_MA28S 1
| #define COINHSL_HAS_MA57S 1
| #define COINHSL_HAS_MA77S 1
| #define COINHSL_HAS_MA86S 1
| #define COINHSL_HAS_MA97S 1
| #define COINHSL_HAS_MC68 1
| /* end confdefs.h.  */
| 
| /* Override any GCC internal prototype to avoid an error.
|    Use char because int might match the return type of a GCC
|    builtin and then its argument prototype would still apply.
|    The 'extern "C"' is for builds by C++ compilers;
|    although this is not generally supported in C code supporting it here
|    has little cost and some practical benefit (sr 110532).  */
| #ifdef __cplusplus
| extern "C"
| #endif
| char dsyev (void);
| #ifdef F77_DUMMY_MAIN
| 
| #  ifdef __cplusplus
|      extern "C"
| #  endif
|    int F77_DUMMY_MAIN() { return 1; }
| 
| #endif
| int
| main (void)
| {
| return dsyev ();
|   ;
|   return 0;
| }
configure:23676: gcc -o conftest -O2 -DNDEBUG    conftest.c -lmkl_intel_lp64 -lmkl_sequential -lmkl_core -lm  >&5
/usr/bin/ld: cannot find -lmkl_intel_lp64: No such file or directory
/usr/bin/ld: cannot find -lmkl_sequential: No such file or directory
/usr/bin/ld: cannot find -lmkl_core: No such file or directory
collect2: error: ld returned 1 exit status
configure:23676: $? = 1
configure: failed program was:
| /* confdefs.h */
| #define PACKAGE_NAME "CoinHSL"
| #define PACKAGE_TARNAME "coinhsl"
| #define PACKAGE_VERSION "2.2.5"
| #define PACKAGE_STRING "CoinHSL 2.2.5"
| #define PACKAGE_BUGREPORT "https://github.com/coin-or-tools/ThirdParty-HSL/issues/new"
| #define PACKAGE_URL "https://github.com/coin-or-tools/ThirdParty-HSL"
| #define COINHSL_VERSION "2.2.5"
| #define COINHSL_VERSION_MAJOR 2
| #define COINHSL_VERSION_MINOR 2
| #define COINHSL_VERSION_RELEASE 5
| #define F77_FUNC(name,NAME) name ## _
| #define F77_FUNC_(name,NAME) name ## _
| #define HAVE_STDIO_H 1
| #define HAVE_STDLIB_H 1
| #define HAVE_STRING_H 1
| #define HAVE_INTTYPES_H 1
| #define HAVE_STDINT_H 1
| #define HAVE_STRINGS_H 1
| #define HAVE_SYS_STAT_H 1
| #define HAVE_SYS_TYPES_H 1
| #define HAVE_UNISTD_H 1
| #define STDC_HEADERS 1
| #define HAVE_DLFCN_H 1
| #define LT_OBJDIR ".libs/"
| #define COINHSL_HAS_MC19 1
| #define COINHSL_HAS_MA27 1
| #define COINHSL_HAS_MA28 1
| #define COINHSL_HAS_MA57 1
| #define COINHSL_HAS_MA77 1
| #define COINHSL_HAS_MA86 1
| #define COINHSL_HAS_MA97 1
| #define COINHSL_HAS_MC19S 1
| #define COINHSL_HAS_MA27S 1
| #define COINHSL_HAS_MA28S 1
| #define COINHSL_HAS_MA57S 1
| #define COINHSL_HAS_MA77S 1
| #define COINHSL_HAS_MA86S 1
| #define COINHSL_HAS_MA97S 1
| #define COINHSL_HAS_MC68 1
| /* end confdefs.h.  */
| 
| /* Override any GCC internal prototype to avoid an error.
|    Use char because int might match the return type of a GCC
|    builtin and then its argument prototype would still apply.
|    The 'extern "C"' is for builds by C++ compilers;
|    although this is not generally supported in C code supporting it here
|    has little cost and some practical benefit (sr 110532).  */
| #ifdef __cplusplus
| extern "C"
| #endif
| char DSYEV_ (void);
| #ifdef F77_DUMMY_MAIN
| 
| #  ifdef __cplusplus
|      extern "C"
| #  endif
|    int F77_DUMMY_MAIN() { return 1; }
| 
| #endif
| int
| main (void)
| {
| return DSYEV_ ();
|   ;
|   return 0;
| }
configure:23676: gcc -o conftest -O2 -DNDEBUG    conftest.c -lmkl_intel_lp64 -lmkl_sequential -lmkl_core -lm  >&5
/usr/bin/ld: cannot find -lmkl_intel_lp64: No such file or directory
/usr/bin/ld: cannot find -lmkl_sequential: No such file or directory
/usr/bin/ld: cannot find -lmkl_core: No such file or directory
collect2: error: ld returned 1 exit status
configure:23676: $? = 1
configure: failed program was:
| /* confdefs.h */
| #define PACKAGE_NAME "CoinHSL"
| #define PACKAGE_TARNAME "coinhsl"
| #define PACKAGE_VERSION "2.2.5"
| #define PACKAGE_STRING "CoinHSL 2.2.5"
| #define PACKAGE_BUGREPORT "https://github.com/coin-or-tools/ThirdParty-HSL/issues/new"
| #define PACKAGE_URL "https://github.com/coin-or-tools/ThirdParty-HSL"
| #define COINHSL_VERSION "2.2.5"
| #define COINHSL_VERSION_MAJOR 2
| #define COINHSL_VERSION_MINOR 2
| #define COINHSL_VERSION_RELEASE 5
| #define F77_FUNC(name,NAME) name ## _
| #define F77_FUNC_(name,NAME) name ## _
| #define HAVE_STDIO_H 1
| #define HAVE_STDLIB_H 1
| #define HAVE_STRING_H 1
| #define HAVE_INTTYPES_H 1
| #define HAVE_STDINT_H 1
| #define HAVE_STRINGS_H 1
| #define HAVE_SYS_STAT_H 1
| #define HAVE_SYS_TYPES_H 1
| #define HAVE_UNISTD_H 1
| #define STDC_HEADERS 1
| #define HAVE_DLFCN_H 1
| #define LT_OBJDIR ".libs/"
| #define COINHSL_HAS_MC19 1
| #define COINHSL_HAS_MA27 1
| #define COINHSL_HAS_MA28 1
| #define COINHSL_HAS_MA57 1
| #define COINHSL_HAS_MA77 1
| #define COINHSL_HAS_MA86 1
| #define COINHSL_HAS_MA97 1
| #define COINHSL_HAS_MC19S 1
| #define COINHSL_HAS_MA27S 1
| #define COINHSL_HAS_MA28S 1
| #define COINHSL_HAS_MA57S 1
| #define COINHSL_HAS_MA77S 1
| #define COINHSL_HAS_MA86S 1
| #define COINHSL_HAS_MA97S 1
| #define COINHSL_HAS_MC68 1
| /* end confdefs.h.  */
| 
| /* Override any GCC internal prototype to avoid an error.
|    Use char because int might match the return type of a GCC
|    builtin and then its argument prototype would still apply.
|    The 'extern "C"' is for builds by C++ compilers;
|    although this is not generally supported in C code supporting it here
|    has little cost and some practical benefit (sr 110532).  */
| #ifdef __cplusplus
| extern "C"
| #endif
| char DSYEV (void);
| #ifdef F77_DUMMY_MAIN
| 
| #  ifdef __cplusplus
|      extern "C"
| #  endif
|    int F77_DUMMY_MAIN() { return 1; }
| 
| #endif
| int
| main (void)
| {
| return DSYEV ();
|   ;
|   return 0;
| }
configure:23676: gcc -o conftest -O2 -DNDEBUG    conftest.c -lmkl_intel_lp64 -lmkl_sequential -lmkl_core -lm  >&5
/usr/bin/ld: cannot find -lmkl_intel_lp64: No such file or directory
/usr/bin/ld: cannot find -lmkl_sequential: No such file or directory
/usr/bin/ld: cannot find -lmkl_core: No such file or directory
collect2: error: ld returned 1 exit status
configure:23676: $? = 1
configure: failed program was:
| /* confdefs.h */
| #define PACKAGE_NAME "CoinHSL"
| #define PACKAGE_TARNAME "coinhsl"
| #define PACKAGE_VERSION "2.2.5"
| #define PACKAGE_STRING "CoinHSL 2.2.5"
| #define PACKAGE_BUGREPORT "https://github.com/coin-or-tools/ThirdParty-HSL/issues/new"
| #define PACKAGE_URL "https://github.com/coin-or-tools/ThirdParty-HSL"
| #define COINHSL_VERSION "2.2.5"
| #define COINHSL_VERSION_MAJOR 2
| #define COINHSL_VERSION_MINOR 2
| #define COINHSL_VERSION_RELEASE 5
| #define F77_FUNC(name,NAME) name ## _
| #define F77_FUNC_(name,NAME) name ## _
| #define HAVE_STDIO_H 1
| #define HAVE_STDLIB_H 1
| #define HAVE_STRING_H 1
| #define HAVE_INTTYPES_H 1
| #define HAVE_STDINT_H 1
| #define HAVE_STRINGS_H 1
| #define HAVE_SYS_STAT_H 1
| #define HAVE_SYS_TYPES_H 1
| #define HAVE_UNISTD_H 1
| #define STDC_HEADERS 1
| #define HAVE_DLFCN_H 1
| #define LT_OBJDIR ".libs/"
| #define COINHSL_HAS_MC19 1
| #define COINHSL_HAS_MA27 1
| #define COINHSL_HAS_MA28 1
| #define COINHSL_HAS_MA57 1
| #define COINHSL_HAS_MA77 1
| #define COINHSL_HAS_MA86 1
| #define COINHSL_HAS_MA97 1
| #define COINHSL_HAS_MC19S 1
| #define COINHSL_HAS_MA27S 1
| #define COINHSL_HAS_MA28S 1
| #define COINHSL_HAS_MA57S 1
| #define COINHSL_HAS_MA77S 1
| #define COINHSL_HAS_MA86S 1
| #define COINHSL_HAS_MA97S 1
| #define COINHSL_HAS_MC68 1
| /* end confdefs.h.  */
| 
| /* Override any GCC internal prototype to avoid an error.
|    Use char because int might match the return type of a GCC
|    builtin and then its argument prototype would still apply.
|    The 'extern "C"' is for builds by C++ compilers;
|    although this is not generally supported in C code supporting it here
|    has little cost and some practical benefit (sr 110532).  */
| #ifdef __cplusplus
| extern "C"
| #endif
| char dsyev__ (void);
| #ifdef F77_DUMMY_MAIN
| 
| #  ifdef __cplusplus
|      extern "C"
| #  endif
|    int F77_DUMMY_MAIN() { return 1; }
| 
| #endif
| int
| main (void)
| {
| return dsyev__ ();
|   ;
|   return 0;
| }
configure:23676: gcc -o conftest -O2 -DNDEBUG    conftest.c -lmkl_intel_lp64 -lmkl_sequential -lmkl_core -lm  >&5
/usr/bin/ld: cannot find -lmkl_intel_lp64: No such file or directory
/usr/bin/ld: cannot find -lmkl_sequential: No such file or directory
/usr/bin/ld: cannot find -lmkl_core: No such file or directory
collect2: error: ld returned 1 exit status
configure:23676: $? = 1
configure: failed program was:
| /* confdefs.h */
| #define PACKAGE_NAME "CoinHSL"
| #define PACKAGE_TARNAME "coinhsl"
| #define PACKAGE_VERSION "2.2.5"
| #define PACKAGE_STRING "CoinHSL 2.2.5"
| #define PACKAGE_BUGREPORT "https://github.com/coin-or-tools/ThirdParty-HSL/issues/new"
| #define PACKAGE_URL "https://github.com/coin-or-tools/ThirdParty-HSL"
| #define COINHSL_VERSION "2.2.5"
| #define COINHSL_VERSION_MAJOR 2
| #define COINHSL_VERSION_MINOR 2
| #define COINHSL_VERSION_RELEASE 5
| #define F77_FUNC(name,NAME) name ## _
| #define F77_FUNC_(name,NAME) name ## _
| #define HAVE_STDIO_H 1
| #define HAVE_STDLIB_H 1
| #define HAVE_STRING_H 1
| #define HAVE_INTTYPES_H 1
| #define HAVE_STDINT_H 1
| #define HAVE_STRINGS_H 1
| #define HAVE_SYS_STAT_H 1
| #define HAVE_SYS_TYPES_H 1
| #define HAVE_UNISTD_H 1
| #define STDC_HEADERS 1
| #define HAVE_DLFCN_H 1
| #define LT_OBJDIR ".libs/"
| #define COINHSL_HAS_MC19 1
| #define COINHSL_HAS_MA27 1
| #define COINHSL_HAS_MA28 1
| #define COINHSL_HAS_MA57 1
| #define COINHSL_HAS_MA77 1
| #define COINHSL_HAS_MA86 1
| #define COINHSL_HAS_MA97 1
| #define COINHSL_HAS_MC19S 1
| #define COINHSL_HAS_MA27S 1
| #define COINHSL_HAS_MA28S 1
| #define COINHSL_HAS_MA57S 1
| #define COINHSL_HAS_MA77S 1
| #define COINHSL_HAS_MA86S 1
| #define COINHSL_HAS_MA97S 1
| #define COINHSL_HAS_MC68 1
| /* end confdefs.h.  */
| 
| /* Override any GCC internal prototype to avoid an error.
|    Use char because int might match the return type of a GCC
|    builtin and then its argument prototype would still apply.
|    The 'extern "C"' is for builds by C++ compilers;
|    although this is not generally supported in C code supporting it here
|    has little cost and some practical benefit (sr 110532).  */
| #ifdef __cplusplus
| extern "C"
| #endif
| char dsyev_ (void);
| #ifdef F77_DUMMY_MAIN
| 
| #  ifdef __cplusplus
|      extern "C"
| #  endif
|    int F77_DUMMY_MAIN() { return 1; }
| 
| #endif
| int
| main (void)
| {
| return dsyev_ ();
|   ;
|   return 0;
| }
configure:23676: gcc -o conftest -O2 -DNDEBUG    conftest.c -lmkl_intel_lp64 -lmkl_sequential -lmkl_core -lm  >&5
/usr/bin/ld: cannot find -lmkl_intel_lp64: No such file or directory
/usr/bin/ld: cannot find -lmkl_sequential: No such file or directory
/usr/bin/ld: cannot find -lmkl_core: No such file or directory
collect2: error: ld returned 1 exit status
configure:23676: $? = 1
configure: failed program was:
| /* confdefs.h */
| #define PACKAGE_NAME "CoinHSL"
| #define PACKAGE_TARNAME "coinhsl"
| #define PACKAGE_VERSION "2.2.5"
| #define PACKAGE_STRING "CoinHSL 2.2.5"
| #define PACKAGE_BUGREPORT "https://github.com/coin-or-tools/ThirdParty-HSL/issues/new"
| #define PACKAGE_URL "https://github.com/coin-or-tools/ThirdParty-HSL"
| #define COINHSL_VERSION "2.2.5"
| #define COINHSL_VERSION_MAJOR 2
| #define COINHSL_VERSION_MINOR 2
| #define COINHSL_VERSION_RELEASE 5
| #define F77_FUNC(name,NAME) name ## _
| #define F77_FUNC_(name,NAME) name ## _
| #define HAVE_STDIO_H 1
| #define HAVE_STDLIB_H 1
| #define HAVE_STRING_H 1
| #define HAVE_INTTYPES_H 1
| #define HAVE_STDINT_H 1
| #define HAVE_STRINGS_H 1
| #define HAVE_SYS_STAT_H 1
| #define HAVE_SYS_TYPES_H 1
| #define HAVE_UNISTD_H 1
| #define STDC_HEADERS 1
| #define HAVE_DLFCN_H 1
| #define LT_OBJDIR ".libs/"
| #define COINHSL_HAS_MC19 1
| #define COINHSL_HAS_MA27 1
| #define COINHSL_HAS_MA28 1
| #define COINHSL_HAS_MA57 1
| #define COINHSL_HAS_MA77 1
| #define COINHSL_HAS_MA86 1
| #define COINHSL_HAS_MA97 1
| #define COINHSL_HAS_MC19S 1
| #define COINHSL_HAS_MA27S 1
| #define COINHSL_HAS_MA28S 1
| #define COINHSL_HAS_MA57S 1
| #define COINHSL_HAS_MA77S 1
| #define COINHSL_HAS_MA86S 1
| #define COINHSL_HAS_MA97S 1
| #define COINHSL_HAS_MC68 1
| /* end confdefs.h.  */
| 
| /* Override any GCC internal prototype to avoid an error.
|    Use char because int might match the return type of a GCC
|    builtin and then its argument prototype would still apply.
|    The 'extern "C"' is for builds by C++ compilers;
|    although this is not generally supported in C code supporting it here
|    has little cost and some practical benefit (sr 110532).  */
| #ifdef __cplusplus
| extern "C"
| #endif
| char DSYEV__ (void);
| #ifdef F77_DUMMY_MAIN
| 
| #  ifdef __cplusplus
|      extern "C"
| #  endif
|    int F77_DUMMY_MAIN() { return 1; }
| 
| #endif
| int
| main (void)
| {
| return DSYEV__ ();
|   ;
|   return 0;
| }
configure:23676: gcc -o conftest -O2 -DNDEBUG    conftest.c -lmkl_intel_lp64 -lmkl_sequential -lmkl_core -lm  >&5
/usr/bin/ld: cannot find -lmkl_intel_lp64: No such file or directory
/usr/bin/ld: cannot find -lmkl_sequential: No such file or directory
/usr/bin/ld: cannot find -lmkl_core: No such file or directory
collect2: error: ld returned 1 exit status
configure:23676: $? = 1
configure: failed program was:
| /* confdefs.h */
| #define PACKAGE_NAME "CoinHSL"
| #define PACKAGE_TARNAME "coinhsl"
| #define PACKAGE_VERSION "2.2.5"
| #define PACKAGE_STRING "CoinHSL 2.2.5"
| #define PACKAGE_BUGREPORT "https://github.com/coin-or-tools/ThirdParty-HSL/issues/new"
| #define PACKAGE_URL "https://github.com/coin-or-tools/ThirdParty-HSL"
| #define COINHSL_VERSION "2.2.5"
| #define COINHSL_VERSION_MAJOR 2
| #define COINHSL_VERSION_MINOR 2
| #define COINHSL_VERSION_RELEASE 5
| #define F77_FUNC(name,NAME) name ## _
| #define F77_FUNC_(name,NAME) name ## _
| #define HAVE_STDIO_H 1
| #define HAVE_STDLIB_H 1
| #define HAVE_STRING_H 1
| #define HAVE_INTTYPES_H 1
| #define HAVE_STDINT_H 1
| #define HAVE_STRINGS_H 1
| #define HAVE_SYS_STAT_H 1
| #define HAVE_SYS_TYPES_H 1
| #define HAVE_UNISTD_H 1
| #define STDC_HEADERS 1
| #define HAVE_DLFCN_H 1
| #define LT_OBJDIR ".libs/"
| #define COINHSL_HAS_MC19 1
| #define COINHSL_HAS_MA27 1
| #define COINHSL_HAS_MA28 1
| #define COINHSL_HAS_MA57 1
| #define COINHSL_HAS_MA77 1
| #define COINHSL_HAS_MA86 1
| #define COINHSL_HAS_MA97 1
| #define COINHSL_HAS_MC19S 1
| #define COINHSL_HAS_MA27S 1
| #define COINHSL_HAS_MA28S 1
| #define COINHSL_HAS_MA57S 1
| #define COINHSL_HAS_MA77S 1
| #define COINHSL_HAS_MA86S 1
| #define COINHSL_HAS_MA97S 1
| #define COINHSL_HAS_MC68 1
| /* end confdefs.h.  */
| 
| /* Override any GCC internal prototype to avoid an error.
|    Use char because int might match the return type of a GCC
|    builtin and then its argument prototype would still apply.
|    The 'extern "C"' is for builds by C++ compilers;
|    although this is not generally supported in C code supporting it here
|    has little cost and some practical benefit (sr 110532).  */
| #ifdef __cplusplus
| extern "C"
| #endif
| char DSYEV_ (void);
| #ifdef F77_DUMMY_MAIN
| 
| #  ifdef __cplusplus
|      extern "C"
| #  endif
|    int F77_DUMMY_MAIN() { return 1; }
| 
| #endif
| int
| main (void)
| {
| return DSYEV_ ();
|   ;
|   return 0;
| }
configure:24154: gcc -o conftest -O2 -DNDEBUG    conftest.c -llapack   >&5
configure:24154: $? = 0
configure:24283: result: yes: generic module (lapack.pc blas.pc)
configure:24396: checking for library containing cos
configure:24440: gcc -o conftest -O2 -DNDEBUG    conftest.c  >&5
conftest.c:55:6: warning: conflicting types for built-in function 'cos'; expected 'double(double)' [-Wbuiltin-declaration-mismatch]
   55 | char cos (void);
      |      ^~~
conftest.c:1:1: note: 'cos' is declared in header '<math.h>'
    1 | /* confdefs.h */
/usr/bin/ld: /tmp/cclsreuB.o: in function `main':
conftest.c:(.text.startup+0x5): undefined reference to `cos'
collect2: error: ld returned 1 exit status
configure:24440: $? = 1
configure: failed program was:
| /* confdefs.h */
| #define PACKAGE_NAME "CoinHSL"
| #define PACKAGE_TARNAME "coinhsl"
| #define PACKAGE_VERSION "2.2.5"
| #define PACKAGE_STRING "CoinHSL 2.2.5"
| #define PACKAGE_BUGREPORT "https://github.com/coin-or-tools/ThirdParty-HSL/issues/new"
| #define PACKAGE_URL "https://github.com/coin-or-tools/ThirdParty-HSL"
| #define COINHSL_VERSION "2.2.5"
| #define COINHSL_VERSION_MAJOR 2
| #define COINHSL_VERSION_MINOR 2
| #define COINHSL_VERSION_RELEASE 5
| #define F77_FUNC(name,NAME) name ## _
| #define F77_FUNC_(name,NAME) name ## _
| #define HAVE_STDIO_H 1
| #define HAVE_STDLIB_H 1
| #define HAVE_STRING_H 1
| #define HAVE_INTTYPES_H 1
| #define HAVE_STDINT_H 1
| #define HAVE_STRINGS_H 1
| #define HAVE_SYS_STAT_H 1
| #define HAVE_SYS_TYPES_H 1
| #define HAVE_UNISTD_H 1
| #define STDC_HEADERS 1
| #define HAVE_DLFCN_H 1
| #define LT_OBJDIR ".libs/"
| #define COINHSL_HAS_MC19 1
| #define COINHSL_HAS_MA27 1
| #define COINHSL_HAS_MA28 1
| #define COINHSL_HAS_MA57 1
| #define COINHSL_HAS_MA77 1
| #define COINHSL_HAS_MA86 1
| #define COINHSL_HAS_MA97 1
| #define COINHSL_HAS_MC19S 1
| #define COINHSL_HAS_MA27S 1
| #define COINHSL_HAS_MA28S 1
| #define COINHSL_HAS_MA57S 1
| #define COINHSL_HAS_MA77S 1
| #define COINHSL_HAS_MA86S 1
| #define COINHSL_HAS_MA97S 1
| #define COINHSL_HAS_MC68 1
| #define COINHSL_HAS_LAPACK 1
| #define COINHSL_LAPACK_FUNC(name,NAME) name ## _
| #define COINHSL_LAPACK_FUNC_(name,NAME) name ## _
| /* end confdefs.h.  */
| 
| /* Override any GCC internal prototype to avoid an error.
|    Use char because int might match the return type of a GCC
|    builtin and then its argument prototype would still apply.
|    The 'extern "C"' is for builds by C++ compilers;
|    although this is not generally supported in C code supporting it here
|    has little cost and some practical benefit (sr 110532).  */
| #ifdef __cplusplus
| extern "C"
| #endif
| char cos (void);
| #ifdef F77_DUMMY_MAIN
| 
| #  ifdef __cplusplus
|      extern "C"
| #  endif
|    int F77_DUMMY_MAIN() { return 1; }
| 
| #endif
| int
| main (void)
| {
| return cos ();
|   ;
|   return 0;
| }
configure:24440: gcc -o conftest -O2 -DNDEBUG    conftest.c -lm   >&5
conftest.c:55:6: warning: conflicting types for built-in function 'cos'; expected 'double(double)' [-Wbuiltin-declaration-mismatch]
   55 | char cos (void);
      |      ^~~
conftest.c:1:1: note: 'cos' is declared in header '<math.h>'
    1 | /* confdefs.h */
configure:24440: $? = 0
configure:24462: result: -lm
configure:24487: checking for library Metis with combined link and compile check
configure:24637: gcc -c -O2 -DNDEBUG   conftest.c >&5
configure:24637: $? = 0
configure:24695: gcc -o conftest -O2 -DNDEBUG    conftest.c -lmetis -lm  >&5
configure:24695: $? = 0
configure:24739: result: yes
configure:24803: checking whether Metis library is linkable with Fortran compiler
configure:24817: gfortran -c -O2   conftest.f >&5
configure:24817: $? = 0
configure:24819: result: yes
configure:24854: checking for Fortran flag to compile preprocessed .F files
configure:24880: gfortran -c -O2   conftest.F >&5
configure:24880: $? = 0
configure:24891: gfortran -c -O2   conftest.F >&5
conftest.F:5:2:

    5 |       choke me
      |  1    ~~~~~~~~     
Fatal Error: ac_nonexistent.h: No such file or directory
compilation terminated.
configure:24891: $? = 1
configure: failed program was:
|       program main
| 
| #if 1
| #include <ac_nonexistent.h>
|       choke me
| #endif
|       end
configure:24907: result: none
configure:24928: checking how to define symbols for preprocessed Fortran
configure:24951: gfortran -c -O2  -DFOOBAR -DZORK=42  conftest.F >&5
configure:24951: $? = 0
configure:24962: result: -D
configure:24984: checking for Fortran flag to compile preprocessed .f files
configure:25010: gfortran -c -O2   conftest.f >&5
conftest.f:3:2:

    3 | #if 0
      |  1
Warning: Illegal preprocessor directive
conftest.f:4:2:

    4 | #include <ac_nonexistent.h>
      |  1
Warning: Illegal preprocessor directive
conftest.f:6:2:

    6 | #endif
      |  1
Warning: Illegal preprocessor directive
conftest.f:5:7:

    5 |       choke me
      |       1
Error: Unclassifiable statement at (1)
configure:25010: $? = 1
configure: failed program was:
|       program main
| 
| #if 0
| #include <ac_nonexistent.h>
|       choke me
| #endif
|       end
configure:25010: gfortran -c -O2  -ftpp conftest.f >&5
gfortran: error: unrecognized command-line option '-ftpp'; did you mean '-fcpp'?
configure:25010: $? = 1
configure: failed program was:
|       program main
| 
| #if 0
| #include <ac_nonexistent.h>
|       choke me
| #endif
|       end
configure:25010: gfortran -c -O2  -fpp conftest.f >&5
gfortran: error: unrecognized command-line option '-fpp'; did you mean '-cpp'?
configure:25010: $? = 1
configure: failed program was:
|       program main
| 
| #if 0
| #include <ac_nonexistent.h>
|       choke me
| #endif
|       end
configure:25010: gfortran -c -O2  -Tf conftest.f >&5
conftest.f:3:2:

    3 | #if 0
      |  1
Warning: Illegal preprocessor directive
conftest.f:4:2:

    4 | #include <ac_nonexistent.h>
      |  1
Warning: Illegal preprocessor directive
conftest.f:6:2:

    6 | #endif
      |  1
Warning: Illegal preprocessor directive
conftest.f:5:7:

    5 |       choke me
      |       1
Error: Unclassifiable statement at (1)
configure:25010: $? = 1
configure: failed program was:
|       program main
| 
| #if 0
| #include <ac_nonexistent.h>
|       choke me
| #endif
|       end
configure:25010: gfortran -c -O2  -fpp -Tf conftest.f >&5
gfortran: error: unrecognized command-line option '-fpp'; did you mean '-cpp'?
configure:25010: $? = 1
configure: failed program was:
|       program main
| 
| #if 0
| #include <ac_nonexistent.h>
|       choke me
| #endif
|       end
configure:25010: gfortran -c -O2  -xpp=fpp conftest.f >&5
gfortran: error: language pp=fpp not recognized
gfortran: error: language pp=fpp not recognized
configure:25010: $? = 1
configure: failed program was:
|       program main
| 
| #if 0
| #include <ac_nonexistent.h>
|       choke me
| #endif
|       end
configure:25010: gfortran -c -O2  -Mpreprocess conftest.f >&5
gfortran: error: unrecognized command-line option '-Mpreprocess'; did you mean '--preprocess'?
configure:25010: $? = 1
configure: failed program was:
|       program main
| 
| #if 0
| #include <ac_nonexistent.h>
|       choke me
| #endif
|       end
configure:25010: gfortran -c -O2  -e Z conftest.f >&5
conftest.f:3:2:

    3 | #if 0
      |  1
Warning: Illegal preprocessor directive
conftest.f:4:2:

    4 | #include <ac_nonexistent.h>
      |  1
Warning: Illegal preprocessor directive
conftest.f:6:2:

    6 | #endif
      |  1
Warning: Illegal preprocessor directive
conftest.f:5:7:

    5 |       choke me
      |       1
Error: Unclassifiable statement at (1)
configure:25010: $? = 1
configure: failed program was:
|       program main
| 
| #if 0
| #include <ac_nonexistent.h>
|       choke me
| #endif
|       end
configure:25010: gfortran -c -O2  -cpp conftest.f >&5
configure:25010: $? = 0
configure:25021: gfortran -c -O2  -cpp conftest.f >&5
conftest.f:5:2:

    5 |       choke me
      |  1    ~~~~~~~~     
Fatal Error: ac_nonexistent.h: No such file or directory
compilation terminated.
configure:25021: $? = 1
configure: failed program was:
|       program main
| 
| #if 1
| #include <ac_nonexistent.h>
|       choke me
| #endif
|       end
configure:25037: result: -cpp
configure:25065: checking for Fortran flag to compile preprocessed .f90 files
configure:25091: gfortran -c -O2   conftest.f90 >&5
conftest.f90:3:2:

    3 | #if 0
      |  1
Warning: Illegal preprocessor directive
conftest.f90:4:2:

    4 | #include <ac_nonexistent.h>
      |  1
Warning: Illegal preprocessor directive
conftest.f90:6:2:

    6 | #endif
      |  1
Warning: Illegal preprocessor directive
conftest.f90:5:7:

    5 |       choke me
      |       1
Error: Unclassifiable statement at (1)
configure:25091: $? = 1
configure: failed program was:
|       program main
| 
| #if 0
| #include <ac_nonexistent.h>
|       choke me
| #endif
|       end
configure:25091: gfortran -c -O2  -ftpp conftest.f90 >&5
gfortran: error: unrecognized command-line option '-ftpp'; did you mean '-fcpp'?
configure:25091: $? = 1
configure: failed program was:
|       program main
| 
| #if 0
| #include <ac_nonexistent.h>
|       choke me
| #endif
|       end
configure:25091: gfortran -c -O2  -fpp conftest.f90 >&5
gfortran: error: unrecognized command-line option '-fpp'; did you mean '-cpp'?
configure:25091: $? = 1
configure: failed program was:
|       program main
| 
| #if 0
| #include <ac_nonexistent.h>
|       choke me
| #endif
|       end
configure:25091: gfortran -c -O2  -Tf conftest.f90 >&5
conftest.f90:3:2:

    3 | #if 0
      |  1
Warning: Illegal preprocessor directive
conftest.f90:4:2:

    4 | #include <ac_nonexistent.h>
      |  1
Warning: Illegal preprocessor directive
conftest.f90:6:2:

    6 | #endif
      |  1
Warning: Illegal preprocessor directive
conftest.f90:5:7:

    5 |       choke me
      |       1
Error: Unclassifiable statement at (1)
configure:25091: $? = 1
configure: failed program was:
|       program main
| 
| #if 0
| #include <ac_nonexistent.h>
|       choke me
| #endif
|       end
configure:25091: gfortran -c -O2  -fpp -Tf conftest.f90 >&5
gfortran: error: unrecognized command-line option '-fpp'; did you mean '-cpp'?
configure:25091: $? = 1
configure: failed program was:
|       program main
| 
| #if 0
| #include <ac_nonexistent.h>
|       choke me
| #endif
|       end
configure:25091: gfortran -c -O2  -xpp=fpp conftest.f90 >&5
gfortran: error: language pp=fpp not recognized
gfortran: error: language pp=fpp not recognized
configure:25091: $? = 1
configure: failed program was:
|       program main
| 
| #if 0
| #include <ac_nonexistent.h>
|       choke me
| #endif
|       end
configure:25091: gfortran -c -O2  -Mpreprocess conftest.f90 >&5
gfortran: error: unrecognized command-line option '-Mpreprocess'; did you mean '--preprocess'?
configure:25091: $? = 1
configure: failed program was:
|       program main
| 
| #if 0
| #include <ac_nonexistent.h>
|       choke me
| #endif
|       end
configure:25091: gfortran -c -O2  -e Z conftest.f90 >&5
conftest.f90:3:2:

    3 | #if 0
      |  1
Warning: Illegal preprocessor directive
conftest.f90:4:2:

    4 | #include <ac_nonexistent.h>
      |  1
Warning: Illegal preprocessor directive
conftest.f90:6:2:

    6 | #endif
      |  1
Warning: Illegal preprocessor directive
conftest.f90:5:7:

    5 |       choke me
      |       1
Error: Unclassifiable statement at (1)
configure:25091: $? = 1
configure: failed program was:
|       program main
| 
| #if 0
| #include <ac_nonexistent.h>
|       choke me
| #endif
|       end
configure:25091: gfortran -c -O2  -cpp conftest.f90 >&5
configure:25091: $? = 0
configure:25102: gfortran -c -O2  -cpp conftest.f90 >&5
conftest.f90:5:2:

    5 |       choke me
      |  1    ~~~~~~~~     
Fatal Error: ac_nonexistent.h: No such file or directory
compilation terminated.
configure:25102: $? = 1
configure: failed program was:
|       program main
| 
| #if 1
| #include <ac_nonexistent.h>
|       choke me
| #endif
|       end
configure:25118: result: -cpp
configure:25272: checking for gfortran option to support OpenMP
configure:25294: gfortran -c -O2   -cpp conftest.f90 >&5
conftest.f90:5:9:

    5 |       tid = 42
      |         1
Error: Symbol 'tid' at (1) has no IMPLICIT type
configure:25294: $? = 1
configure: failed program was:
| 
|       program main
|       implicit none
| !$    integer tid
|       tid = 42
|       call omp_set_num_threads(2)
|       end
| 
configure:25294: gfortran -c -O2  -fopenmp -cpp conftest.f90 >&5
configure:25294: $? = 0
configure:25306: gfortran -o conftest -O2  -fopenmp  -cpp conftest.f90  >&5
configure:25306: $? = 0
configure:25331: result: -fopenmp
configure:25528: checking that generated files are newer than configure
configure:25534: result: done
configure:25657: creating ./config.status

## ---------------------- ##
## Running config.status. ##
## ---------------------- ##

This file was extended by CoinHSL config.status 2.2.5, which was
generated by GNU Autoconf 2.72.  Invocation command line was

  CONFIG_FILES    = 
  CONFIG_HEADERS  = 
  CONFIG_LINKS    = 
  CONFIG_COMMANDS = 
  $ ./config.status 

on workstation

config.status:1313: creating Makefile
config.status:1313: creating coinhsl.pc
config.status:1313: creating config.h
config.status:1494: config.h is unchanged
config.status:1313: creating CoinHslConfig.h
config.status:1494: CoinHslConfig.h is unchanged
config.status:1542: executing depfiles commands
config.status:1619: cd .       && sed -e '/# am--include-marker/d' Makefile         | make -f - am--depfiles
make: Nothing to be done for 'am--depfiles'.
config.status:1624: $? = 0
config.status:1542: executing libtool commands
configure:28329: Configuration of CoinHSL successful

## ---------------- ##
## Cache variables. ##
## ---------------- ##

ac_cv_build=x86_64-pc-linux-gnu
ac_cv_c_compiler_gnu=yes
ac_cv_env_ADD_CFLAGS_set=
ac_cv_env_ADD_CFLAGS_value=
ac_cv_env_ADD_FCFLAGS_set=
ac_cv_env_ADD_FCFLAGS_value=
ac_cv_env_ADD_FFLAGS_set=
ac_cv_env_ADD_FFLAGS_value=
ac_cv_env_CC_set=
ac_cv_env_CC_value=
ac_cv_env_CFLAGS_set=
ac_cv_env_CFLAGS_value=
ac_cv_env_CPPFLAGS_set=
ac_cv_env_CPPFLAGS_value=
ac_cv_env_F77_set=
ac_cv_env_F77_value=
ac_cv_env_FCFLAGS_set=
ac_cv_env_FCFLAGS_value=
ac_cv_env_FC_set=
ac_cv_env_FC_value=
ac_cv_env_FFLAGS_set=
ac_cv_env_FFLAGS_value=
ac_cv_env_LDFLAGS_set=
ac_cv_env_LDFLAGS_value=
ac_cv_env_LIBS_set=
ac_cv_env_LIBS_value=
ac_cv_env_LT_LDFLAGS_set=
ac_cv_env_LT_LDFLAGS_value=
ac_cv_env_LT_SYS_LIBRARY_PATH_set=
ac_cv_env_LT_SYS_LIBRARY_PATH_value=
ac_cv_env_PKG_CONFIG_set=
ac_cv_env_PKG_CONFIG_value=
ac_cv_env_build_alias_set=
ac_cv_env_build_alias_value=
ac_cv_env_host_alias_set=
ac_cv_env_host_alias_value=
ac_cv_env_target_alias_set=
ac_cv_env_target_alias_value=
ac_cv_f77_compiler_gnu=yes
ac_cv_f77_dummy_main=none
ac_cv_f77_libs=' -L/usr/lib/gcc/x86_64-linux-gnu/12 -L/usr/lib/gcc/x86_64-linux-gnu/12/../../../x86_64-linux-gnu -L/usr/lib/gcc/x86_64-linux-gnu/12/../../../../lib -L/lib/x86_64-linux-gnu -L/lib/../lib -L/usr/lib/x86_64-linux-gnu -L/usr/lib/../lib -L/usr/lib/gcc/x86_64-linux-gnu/12/../../.. -lgfortran -lm -lquadmath'
ac_cv_f77_mangling='lower case, underscore, no extra underscore'
ac_cv_fc_compiler_gnu=yes
ac_cv_fc_pp_define=-D
ac_cv_fc_pp_srcext_F=none
ac_cv_fc_pp_srcext_f90=-cpp
ac_cv_fc_pp_srcext_f=-cpp
ac_cv_fortran_dummy_main=none
ac_cv_header_dlfcn_h=yes
ac_cv_header_inttypes_h=yes
ac_cv_header_stdint_h=yes
ac_cv_header_stdio_h=yes
ac_cv_header_stdlib_h=yes
ac_cv_header_string_h=yes
ac_cv_header_strings_h=yes
ac_cv_header_sys_stat_h=yes
ac_cv_header_sys_types_h=yes
ac_cv_header_unistd_h=yes
ac_cv_host=x86_64-pc-linux-gnu
ac_cv_objext=o
ac_cv_path_EGREP='/usr/bin/grep -E'
ac_cv_path_EGREP_TRADITIONAL='/usr/bin/grep -E'
ac_cv_path_FGREP='/usr/bin/grep -F'
ac_cv_path_GREP=/usr/bin/grep
ac_cv_path_SED=/usr/bin/sed
ac_cv_path_install='/usr/bin/install -c'
ac_cv_path_lt_DD=/usr/bin/dd
ac_cv_path_mkdir=/usr/bin/mkdir
ac_cv_prog_AWK=mawk
ac_cv_prog_FILECMD=:
ac_cv_prog_ac_ct_AR=ar
ac_cv_prog_ac_ct_CC=gcc
ac_cv_prog_ac_ct_F77=gfortran
ac_cv_prog_ac_ct_FC=gfortran
ac_cv_prog_ac_ct_OBJDUMP=objdump
ac_cv_prog_ac_ct_PKG_CONFIG=pkgconf
ac_cv_prog_ac_ct_RANLIB=ranlib
ac_cv_prog_ac_ct_STRIP=strip
ac_cv_prog_cc_c11=
ac_cv_prog_cc_g=yes
ac_cv_prog_cc_stdc=
ac_cv_prog_f77_c_o=yes
ac_cv_prog_f77_g=yes
ac_cv_prog_f77_v=-v
ac_cv_prog_fc_c_o=yes
ac_cv_prog_fc_g=yes
ac_cv_prog_fc_openmp=-fopenmp
ac_cv_prog_make_make_set=yes
ac_cv_search_cos=-lm
am_cv_CC_dependencies_compiler_type=gcc3
am_cv_ar_interface=ar
am_cv_filesystem_timestamp_resolution=0.01
am_cv_make_support_nested_variables=yes
am_cv_prog_cc_c_o=yes
am_cv_sleep_fractional_seconds=yes
am_cv_xargs_n_works=yes
lt_cv_ar_at_file=@
lt_cv_archive_cmds_need_lc=no
lt_cv_deplibs_check_method=pass_all
lt_cv_file_magic_cmd='$MAGIC_CMD'
lt_cv_file_magic_test_file=
lt_cv_ld_reload_flag=-r
lt_cv_nm_interface='BSD nm'
lt_cv_objdir=.libs
lt_cv_path_LD=/usr/bin/ld
lt_cv_path_NM='/usr/bin/nm -B'
lt_cv_path_manifest_tool=no
lt_cv_prog_compiler_c_o=yes
lt_cv_prog_compiler_c_o_F77=yes
lt_cv_prog_compiler_c_o_FC=yes
lt_cv_prog_compiler_pic='-fPIC -DPIC'
lt_cv_prog_compiler_pic_F77=-fPIC
lt_cv_prog_compiler_pic_FC=-fPIC
lt_cv_prog_compiler_pic_works=yes
lt_cv_prog_compiler_pic_works_F77=yes
lt_cv_prog_compiler_pic_works_FC=yes
lt_cv_prog_compiler_rtti_exceptions=no
lt_cv_prog_compiler_static_works=yes
lt_cv_prog_compiler_static_works_F77=yes
lt_cv_prog_compiler_static_works_FC=yes
lt_cv_prog_gnu_ld=yes
lt_cv_sharedlib_from_linklib_cmd='printf %s\n'
lt_cv_shlibpath_overrides_runpath=yes
lt_cv_sys_global_symbol_pipe='/usr/bin/sed -n -e '\''s/^.*[	 ]\([ABCDGIRSTW][ABCDGIRSTW]*\)[	 ][	 ]*\([_A-Za-z][_A-Za-z0-9]*\)$/\1 \2 \2/p'\'' | /usr/bin/sed '\''/ __gnu_lto/d'\'''
lt_cv_sys_global_symbol_to_c_name_address='/usr/bin/sed -n -e '\''s/^: \(.*\) .*$/  {"\1", (void *) 0},/p'\'' -e '\''s/^[ABCDGIRSTW][ABCDGIRSTW]* .* \(.*\)$/  {"\1", (void *) \&\1},/p'\'''
lt_cv_sys_global_symbol_to_c_name_address_lib_prefix='/usr/bin/sed -n -e '\''s/^: \(.*\) .*$/  {"\1", (void *) 0},/p'\'' -e '\''s/^[ABCDGIRSTW][ABCDGIRSTW]* .* \(lib.*\)$/  {"\1", (void *) \&\1},/p'\'' -e '\''s/^[ABCDGIRSTW][ABCDGIRSTW]* .* \(.*\)$/  {"lib\1", (void *) \&\1},/p'\'''
lt_cv_sys_global_symbol_to_cdecl='/usr/bin/sed -n -e '\''s/^T .* \(.*\)$/extern int \1();/p'\'' -e '\''s/^[ABCDGIRSTW][ABCDGIRSTW]* .* \(.*\)$/extern char \1;/p'\'''
lt_cv_sys_global_symbol_to_import=
lt_cv_sys_max_cmd_len=1572864
lt_cv_to_host_file_cmd=func_convert_file_noop
lt_cv_to_tool_file_cmd=func_convert_file_noop
lt_cv_truncate_bin='/usr/bin/dd bs=4096 count=1'

## ----------------- ##
## Output variables. ##
## ----------------- ##

ACLOCAL='${SHELL} '\''/casadi_ws/ThirdParty-HSL/missing'\'' aclocal-1.17'
ADD_CFLAGS=''
ADD_FCFLAGS=''
ADD_FFLAGS=''
AMDEPBACKSLASH='\'
AMDEP_FALSE='#'
AMDEP_TRUE=''
AMTAR='$${TAR-tar}'
AM_BACKSLASH='\'
AM_DEFAULT_V='$(AM_DEFAULT_VERBOSITY)'
AM_DEFAULT_VERBOSITY='0'
AM_V='$(V)'
AR='ar'
AUTOCONF='${SHELL} '\''/casadi_ws/ThirdParty-HSL/missing'\'' autoconf'
AUTOHEADER='${SHELL} '\''/casadi_ws/ThirdParty-HSL/missing'\'' autoheader'
AUTOMAKE='${SHELL} '\''/casadi_ws/ThirdParty-HSL/missing'\'' automake-1.17'
AWK='mawk'
CC='gcc'
CCDEPMODE='depmode=gcc3'
CFLAGS='-O2 -DNDEBUG '
COIN_HAS_DEPSF90_FALSE='#'
COIN_HAS_DEPSF90_TRUE=''
COIN_HAS_DEPSF_FALSE='#'
COIN_HAS_DEPSF_TRUE=''
COIN_HAS_F77_FALSE='#'
COIN_HAS_F77_TRUE=''
COIN_HAS_HSL_MA77S_FALSE='#'
COIN_HAS_HSL_MA77S_TRUE=''
COIN_HAS_HSL_MA77_FALSE='#'
COIN_HAS_HSL_MA77_TRUE=''
COIN_HAS_HSL_MA86S_FALSE='#'
COIN_HAS_HSL_MA86S_TRUE=''
COIN_HAS_HSL_MA86_FALSE='#'
COIN_HAS_HSL_MA86_TRUE=''
COIN_HAS_HSL_MA97S_FALSE='#'
COIN_HAS_HSL_MA97S_TRUE=''
COIN_HAS_HSL_MA97_FALSE='#'
COIN_HAS_HSL_MA97_TRUE=''
COIN_HAS_HSL_MC68_FALSE='#'
COIN_HAS_HSL_MC68_TRUE=''
COIN_HAS_LAPACK_FALSE='#'
COIN_HAS_LAPACK_TRUE=''
COIN_HAS_MA27S_FALSE='#'
COIN_HAS_MA27S_TRUE=''
COIN_HAS_MA27_FALSE='#'
COIN_HAS_MA27_TRUE=''
COIN_HAS_MA28S_FALSE='#'
COIN_HAS_MA28S_TRUE=''
COIN_HAS_MA28_FALSE='#'
COIN_HAS_MA28_TRUE=''
COIN_HAS_MA57S_FALSE='#'
COIN_HAS_MA57S_TRUE=''
COIN_HAS_MA57_FALSE='#'
COIN_HAS_MA57_TRUE=''
COIN_HAS_MC19S_FALSE='#'
COIN_HAS_MC19S_TRUE=''
COIN_HAS_MC19_FALSE='#'
COIN_HAS_MC19_TRUE=''
COIN_HAS_METIS_FALSE='#'
COIN_HAS_METIS_TRUE=''
COIN_HAS_PKGCONFIG_FALSE='#'
COIN_HAS_PKGCONFIG_TRUE=''
COIN_PKG_CONFIG_PATH='/usr/local/lib/pkgconfig:'
COIN_RELOCATABLE_FALSE=''
COIN_RELOCATABLE_TRUE='#'
COIN_STATIC_BUILD_FALSE=''
COIN_STATIC_BUILD_TRUE='#'
CPPFLAGS=''
CSCOPE='cscope'
CTAGS='ctags'
CYGPATH_W='echo'
DEFS='-DHAVE_CONFIG_H'
DEPDIR='.deps'
DLLTOOL='false'
DSYMUTIL=''
DUMPBIN=''
ECHO_C=''
ECHO_N='-n'
ECHO_T=''
EGREP='/usr/bin/grep -E'
ETAGS='etags'
EXEEXT=''
F77='gfortran'
FC='gfortran'
FCFLAGS='-O2  -fopenmp'
FCFLAGS_F=''
FCFLAGS_f90='-cpp'
FCFLAGS_f='-cpp'
FC_DEFINE='-D'
FFLAGS='-O2 '
FGREP='/usr/bin/grep -F'
FILECMD=':'
FLIBS=' -L/usr/lib/gcc/x86_64-linux-gnu/12 -L/usr/lib/gcc/x86_64-linux-gnu/12/../../../x86_64-linux-gnu -L/usr/lib/gcc/x86_64-linux-gnu/12/../../../../lib -L/lib/x86_64-linux-gnu -L/lib/../lib -L/usr/lib/x86_64-linux-gnu -L/usr/lib/../lib -L/usr/lib/gcc/x86_64-linux-gnu/12/../../.. -lgfortran -lm -lquadmath'
GREP='/usr/bin/grep'
HSL_CFLAGS='   -DHSL_BUILD'
HSL_CFLAGS_NOPC=' '
HSL_LFLAGS='-llapack -lblas  -lmetis -lm     -L/usr/lib/gcc/x86_64-linux-gnu/12 -L/usr/lib/gcc/x86_64-linux-gnu/12/../../../x86_64-linux-gnu -L/usr/lib/gcc/x86_64-linux-gnu/12/../../../../lib -L/lib/x86_64-linux-gnu -L/lib/../lib -L/usr/lib/x86_64-linux-gnu -L/usr/lib/../lib -L/usr/lib/gcc/x86_64-linux-gnu/12/../../.. -lgfortran -lm -lquadmath -fopenmp'
HSL_LFLAGS_NOPC='-lmetis -lm     -L/usr/lib/gcc/x86_64-linux-gnu/12 -L/usr/lib/gcc/x86_64-linux-gnu/12/../../../x86_64-linux-gnu -L/usr/lib/gcc/x86_64-linux-gnu/12/../../../../lib -L/lib/x86_64-linux-gnu -L/lib/../lib -L/usr/lib/x86_64-linux-gnu -L/usr/lib/../lib -L/usr/lib/gcc/x86_64-linux-gnu/12/../../.. -lgfortran -lm -lquadmath -fopenmp'
HSL_PCFILES='lapack blas '
INSTALL_DATA='${INSTALL} -m 644'
INSTALL_PROGRAM='${INSTALL}'
INSTALL_SCRIPT='${INSTALL}'
INSTALL_STRIP_PROGRAM='$(install_sh) -c -s'
LD='/usr/bin/ld'
LDFLAGS=''
LIBOBJS=''
LIBS=''
LIBTOOL='$(SHELL) $(top_builddir)/libtool'
LIPO=''
LN_S='ln -s'
LTLIBOBJS=''
LT_LDFLAGS=' -version-number 2:2:5 -no-undefined'
LT_SYS_LIBRARY_PATH=''
MAINT='#'
MAINTAINER_MODE_FALSE=''
MAINTAINER_MODE_TRUE='#'
MAKEINFO='${SHELL} '\''/casadi_ws/ThirdParty-HSL/missing'\'' makeinfo'
MANIFEST_TOOL=':'
METISCHECK_LFLAGS='-lm '
MKDIR_P='/usr/bin/mkdir -p'
NM='/usr/bin/nm -B'
NMEDIT=''
OBJDUMP='objdump'
OBJEXT='o'
OPENMP_CFLAGS=''
OPENMP_FCFLAGS='-fopenmp'
OTOOL64=''
OTOOL=''
PACKAGE='coinhsl'
PACKAGE_BUGREPORT='https://github.com/coin-or-tools/ThirdParty-HSL/issues/new'
PACKAGE_NAME='CoinHSL'
PACKAGE_STRING='CoinHSL 2.2.5'
PACKAGE_TARNAME='coinhsl'
PACKAGE_URL='https://github.com/coin-or-tools/ThirdParty-HSL'
PACKAGE_VERSION='2.2.5'
PATH_SEPARATOR=':'
PKG_CONFIG='pkgconf'
RANLIB='ranlib'
SED='/usr/bin/sed'
SET_MAKE=''
SHELL='/bin/bash'
STRIP='strip'
VERSION='2.2.5'
ac_ct_AR='ar'
ac_ct_CC='gcc'
ac_ct_DUMPBIN=''
ac_ct_F77='gfortran'
ac_ct_FC='gfortran'
ac_ct_PKG_CONFIG='pkgconf'
am__EXEEXT_FALSE=''
am__EXEEXT_TRUE='#'
am__fastdepCC_FALSE='#'
am__fastdepCC_TRUE=''
am__include='include'
am__isrc=''
am__leading_dot='.'
am__nodep='_no'
am__quote=''
am__rm_f_notfound=''
am__tar='$${TAR-tar} chof - "$$tardir"'
am__untar='$${TAR-tar} xf -'
am__xargs_n='xargs -n'
bindir='${exec_prefix}/bin'
build='x86_64-pc-linux-gnu'
build_alias=''
build_cpu='x86_64'
build_os='linux-gnu'
build_vendor='pc'
datadir='${datarootdir}'
datarootdir='${prefix}/share'
docdir='${datarootdir}/doc/${PACKAGE_TARNAME}'
dvidir='${docdir}'
exec_prefix='${prefix}'
host='x86_64-pc-linux-gnu'
host_alias=''
host_cpu='x86_64'
host_os='linux-gnu'
host_vendor='pc'
htmldir='${docdir}'
includedir='${prefix}/include'
infodir='${datarootdir}/info'
install_sh='${SHELL} /casadi_ws/ThirdParty-HSL/install-sh'
libdir='${exec_prefix}/lib'
libexecdir='${exec_prefix}/libexec'
localedir='${datarootdir}/locale'
localstatedir='${prefix}/var'
mandir='${datarootdir}/man'
mkdir_p='$(MKDIR_P)'
oldincludedir='/usr/include'
pdfdir='${docdir}'
prefix='/usr/local'
program_transform_name='s,x,x,'
psdir='${docdir}'
runstatedir='${localstatedir}/run'
sbindir='${exec_prefix}/sbin'
sharedstatedir='${prefix}/com'
sysconfdir='${prefix}/etc'
target_alias=''

## ----------- ##
## confdefs.h. ##
## ----------- ##

/* confdefs.h */
#define PACKAGE_NAME "CoinHSL"
#define PACKAGE_TARNAME "coinhsl"
#define PACKAGE_VERSION "2.2.5"
#define PACKAGE_STRING "CoinHSL 2.2.5"
#define PACKAGE_BUGREPORT "https://github.com/coin-or-tools/ThirdParty-HSL/issues/new"
#define PACKAGE_URL "https://github.com/coin-or-tools/ThirdParty-HSL"
#define COINHSL_VERSION "2.2.5"
#define COINHSL_VERSION_MAJOR 2
#define COINHSL_VERSION_MINOR 2
#define COINHSL_VERSION_RELEASE 5
#define F77_FUNC(name,NAME) name ## _
#define F77_FUNC_(name,NAME) name ## _
#define HAVE_STDIO_H 1
#define HAVE_STDLIB_H 1
#define HAVE_STRING_H 1
#define HAVE_INTTYPES_H 1
#define HAVE_STDINT_H 1
#define HAVE_STRINGS_H 1
#define HAVE_SYS_STAT_H 1
#define HAVE_SYS_TYPES_H 1
#define HAVE_UNISTD_H 1
#define STDC_HEADERS 1
#define HAVE_DLFCN_H 1
#define LT_OBJDIR ".libs/"
#define COINHSL_HAS_MC19 1
#define COINHSL_HAS_MA27 1
#define COINHSL_HAS_MA28 1
#define COINHSL_HAS_MA57 1
#define COINHSL_HAS_MA77 1
#define COINHSL_HAS_MA86 1
#define COINHSL_HAS_MA97 1
#define COINHSL_HAS_MC19S 1
#define COINHSL_HAS_MA27S 1
#define COINHSL_HAS_MA28S 1
#define COINHSL_HAS_MA57S 1
#define COINHSL_HAS_MA77S 1
#define COINHSL_HAS_MA86S 1
#define COINHSL_HAS_MA97S 1
#define COINHSL_HAS_MC68 1
#define COINHSL_HAS_LAPACK 1
#define COINHSL_LAPACK_FUNC(name,NAME) name ## _
#define COINHSL_LAPACK_FUNC_(name,NAME) name ## _
#define COINHSL_HAS_METIS 1
#define HSL_EXPORT 

configure: exit 0
